<?xml version="1.0" encoding="UTF-8"?>
<!-- Generated by org.testng.reporters.JUnitReportReporter -->
<testsuite hostname="DESKTOP-OLD8MH3" failures="0" tests="1" name="maven_package.Omniful.NewClientTest" time="115.585" errors="0" timestamp="2020-12-15T09:55:36 EET" skipped="0">
  <testcase classname="maven_package.Omniful.NewClientTest" name="testnewclient" time="115.585"/>
  <system-out/>
</testsuite> <!-- maven_package.Omniful.NewClientTest -->
