<?xml version="1.0" encoding="UTF-8"?>
<!-- Generated by org.testng.reporters.JUnitReportReporter -->
<testsuite hostname="DESKTOP-OLD8MH3" failures="0" tests="1" name="maven_package.Omniful.LoginTest" time="15.318" errors="0" timestamp="2021-08-17T01:06:03 AST" skipped="0">
  <testcase classname="maven_package.Omniful.LoginTest" name="testlogin" time="15.318"/>
  <system-out/>
</testsuite> <!-- maven_package.Omniful.LoginTest -->
